<?xml version="1.0" encoding="UTF-8"?>
<!-- Generated by org.testng.reporters.JUnitReportReporter -->
<testsuite hostname="DESKTOP-PG3URJ6" failures="0" tests="1" name="testcases.TestCaseOne" time="0.006" errors="0" timestamp="17 Mar. 2019 16:35:48 GMT" skipped="0">
  <testcase classname="testcases.TestCaseOne" name="f" time="0.006"/>
</testsuite> <!-- testcases.TestCaseOne -->
